<?xml version="1.0" encoding="UTF-8"?>
<testsuite name="lesson3.DragAndDrop" tests="1" skipped="0" failures="0" errors="0" timestamp="2023-08-11T14:27:59" hostname="DESKTOP-AH7B915" time="8.982">
  <properties/>
  <testcase name="dragAndDropCheck()" classname="lesson3.DragAndDrop" time="8.982"/>
  <system-out><![CDATA[]]></system-out>
  <system-err><![CDATA[SLF4J: No SLF4J providers were found.
SLF4J: Defaulting to no-operation (NOP) logger implementation
SLF4J: See https://www.slf4j.org/codes.html#noProviders for further details.
]]></system-err>
</testsuite>
